<?xml version="1.0" encoding="UTF-8"?>
<testsuite name="edu.coursera.concurrent.BankTransactionsTest" time="41.702" tests="1" errors="0" skipped="0" failures="1">
  <properties>
[...]
</properties>
  <testcase name="testObjectIsolation" classname="edu.coursera.concurrent.BankTransactionsTest" time="41.702">
    <failure message="Expected an improvement of at least 2.200000x with object-based isolation, but saw 0.695258x" type="junit.framework.AssertionFailedError">junit.framework.AssertionFailedError: Expected an improvement of at least 2.200000x with object-based isolation, but saw 0.695258x
	at junit.framework.Assert.fail(Assert.java:47)
	at junit.framework.Assert.assertTrue(Assert.java:20)
	at edu.coursera.concurrent.BankTransactionsTest.testObjectIsolation(BankTransactionsTest.java:104)
</failure>
    <system-out><![CDATA[BankTransactionsUsingGlobalIsolation: Performed 800000 transactions with 3000 accounts and 4 threads, in 4670 ms
BankTransactionsUsingGlobalIsolation: Performed 800000 transactions with 3000 accounts and 4 threads, in 5058 ms
BankTransactionsUsingObjectIsolation: Performed 800000 transactions with 3000 accounts and 4 threads, in 2183 ms
BankTransactionsUsingObjectIsolation: Performed 800000 transactions with 3000 accounts and 4 threads, in 7275 ms
]]></system-out>
  </testcase>
</testsuite>